2020-06-09 21:57:56,342 INFO [org.springframework.test.context.support.DefaultTestContextBootstrapper] - Loaded default TestExecutionListener class names from location [META-INF/spring.factories]: [org.springframework.test.context.web.ServletTestExecutionListener, org.springframework.test.context.support.DirtiesContextBeforeModesTestExecutionListener, org.springframework.test.context.support.DependencyInjectionTestExecutionListener, org.springframework.test.context.support.DirtiesContextTestExecutionListener, org.springframework.test.context.transaction.TransactionalTestExecutionListener, org.springframework.test.context.jdbc.SqlScriptsTestExecutionListener]
2020-06-09 21:57:56,394 INFO [org.springframework.test.context.support.DefaultTestContextBootstrapper] - Using TestExecutionListeners: [org.springframework.test.context.web.ServletTestExecutionListener@58c1c010, org.springframework.test.context.support.DirtiesContextBeforeModesTestExecutionListener@b7f23d9, org.springframework.test.context.support.DependencyInjectionTestExecutionListener@61d47554, org.springframework.test.context.support.DirtiesContextTestExecutionListener@69b794e2, org.springframework.test.context.transaction.TransactionalTestExecutionListener@3f200884, org.springframework.test.context.jdbc.SqlScriptsTestExecutionListener@4d339552]
2020-06-09 21:57:56,693 INFO [org.springframework.beans.factory.xml.XmlBeanDefinitionReader] - Loading XML bean definitions from class path resource [spring-context.xml]
2020-06-09 21:57:57,126 INFO [org.springframework.beans.factory.xml.XmlBeanDefinitionReader] - Loading XML bean definitions from class path resource [spring-context-druid.xml]
2020-06-09 21:57:57,175 INFO [org.springframework.beans.factory.xml.XmlBeanDefinitionReader] - Loading XML bean definitions from class path resource [spring-context-mybatis.xml]
2020-06-09 21:57:57,195 INFO [org.springframework.context.support.GenericApplicationContext] - Refreshing org.springframework.context.support.GenericApplicationContext@45dd4eda: startup date [Tue Jun 09 21:57:57 CST 2020]; root of context hierarchy
2020-06-09 21:57:57,480 ERROR [com.alibaba.druid.pool.DruidAbstractDataSource] - oracle.jdbc.driver.OracleDriver is deprecated.
2020-06-09 21:57:58,211 INFO [com.alibaba.druid.pool.DruidDataSource] - {dataSource-1} inited
2020-06-09 21:57:58,611 INFO [org.springframework.context.support.GenericApplicationContext] - Closing org.springframework.context.support.GenericApplicationContext@45dd4eda: startup date [Tue Jun 09 21:57:57 CST 2020]; root of context hierarchy
2020-06-09 21:57:58,611 INFO [com.alibaba.druid.pool.DruidDataSource] - {dataSource-1} closed
2020-06-09 22:02:13,500 INFO [org.springframework.test.context.support.DefaultTestContextBootstrapper] - Loaded default TestExecutionListener class names from location [META-INF/spring.factories]: [org.springframework.test.context.web.ServletTestExecutionListener, org.springframework.test.context.support.DirtiesContextBeforeModesTestExecutionListener, org.springframework.test.context.support.DependencyInjectionTestExecutionListener, org.springframework.test.context.support.DirtiesContextTestExecutionListener, org.springframework.test.context.transaction.TransactionalTestExecutionListener, org.springframework.test.context.jdbc.SqlScriptsTestExecutionListener]
2020-06-09 22:02:13,516 INFO [org.springframework.test.context.support.DefaultTestContextBootstrapper] - Using TestExecutionListeners: [org.springframework.test.context.web.ServletTestExecutionListener@525b461a, org.springframework.test.context.support.DirtiesContextBeforeModesTestExecutionListener@58c1c010, org.springframework.test.context.support.DependencyInjectionTestExecutionListener@b7f23d9, org.springframework.test.context.support.DirtiesContextTestExecutionListener@61d47554, org.springframework.test.context.transaction.TransactionalTestExecutionListener@69b794e2, org.springframework.test.context.jdbc.SqlScriptsTestExecutionListener@3f200884]
2020-06-09 22:02:13,569 INFO [org.springframework.beans.factory.xml.XmlBeanDefinitionReader] - Loading XML bean definitions from class path resource [spring-context.xml]
2020-06-09 22:02:13,833 INFO [org.springframework.beans.factory.xml.XmlBeanDefinitionReader] - Loading XML bean definitions from class path resource [spring-context-druid.xml]
2020-06-09 22:02:13,868 INFO [org.springframework.beans.factory.xml.XmlBeanDefinitionReader] - Loading XML bean definitions from class path resource [spring-context-mybatis.xml]
2020-06-09 22:02:13,884 INFO [org.springframework.context.support.GenericApplicationContext] - Refreshing org.springframework.context.support.GenericApplicationContext@327b636c: startup date [Tue Jun 09 22:02:13 CST 2020]; root of context hierarchy
2020-06-09 22:02:14,446 ERROR [com.alibaba.druid.pool.DruidAbstractDataSource] - oracle.jdbc.driver.OracleDriver is deprecated.
2020-06-09 22:02:15,231 INFO [com.alibaba.druid.pool.DruidDataSource] - {dataSource-1} inited
2020-06-09 22:02:15,486 INFO [org.springframework.context.support.GenericApplicationContext] - Closing org.springframework.context.support.GenericApplicationContext@327b636c: startup date [Tue Jun 09 22:02:13 CST 2020]; root of context hierarchy
2020-06-09 22:02:15,501 INFO [com.alibaba.druid.pool.DruidDataSource] - {dataSource-1} closed
2020-06-09 22:07:07,507 INFO [org.springframework.test.context.support.DefaultTestContextBootstrapper] - Loaded default TestExecutionListener class names from location [META-INF/spring.factories]: [org.springframework.test.context.web.ServletTestExecutionListener, org.springframework.test.context.support.DirtiesContextBeforeModesTestExecutionListener, org.springframework.test.context.support.DependencyInjectionTestExecutionListener, org.springframework.test.context.support.DirtiesContextTestExecutionListener, org.springframework.test.context.transaction.TransactionalTestExecutionListener, org.springframework.test.context.jdbc.SqlScriptsTestExecutionListener]
2020-06-09 22:07:07,538 INFO [org.springframework.test.context.support.DefaultTestContextBootstrapper] - Using TestExecutionListeners: [org.springframework.test.context.web.ServletTestExecutionListener@525b461a, org.springframework.test.context.support.DirtiesContextBeforeModesTestExecutionListener@58c1c010, org.springframework.test.context.support.DependencyInjectionTestExecutionListener@b7f23d9, org.springframework.test.context.support.DirtiesContextTestExecutionListener@61d47554, org.springframework.test.context.transaction.TransactionalTestExecutionListener@69b794e2, org.springframework.test.context.jdbc.SqlScriptsTestExecutionListener@3f200884]
2020-06-09 22:07:07,589 INFO [org.springframework.beans.factory.xml.XmlBeanDefinitionReader] - Loading XML bean definitions from class path resource [spring-context.xml]
2020-06-09 22:07:07,822 INFO [org.springframework.beans.factory.xml.XmlBeanDefinitionReader] - Loading XML bean definitions from class path resource [spring-context-druid.xml]
2020-06-09 22:07:07,890 INFO [org.springframework.beans.factory.xml.XmlBeanDefinitionReader] - Loading XML bean definitions from class path resource [spring-context-mybatis.xml]
2020-06-09 22:07:07,906 INFO [org.springframework.context.support.GenericApplicationContext] - Refreshing org.springframework.context.support.GenericApplicationContext@327b636c: startup date [Tue Jun 09 22:07:07 CST 2020]; root of context hierarchy
2020-06-09 22:07:08,372 ERROR [com.alibaba.druid.pool.DruidAbstractDataSource] - oracle.jdbc.driver.OracleDriver is deprecated.
2020-06-09 22:07:09,344 INFO [com.alibaba.druid.pool.DruidDataSource] - {dataSource-1} inited
2020-06-09 22:07:09,781 INFO [org.springframework.context.support.GenericApplicationContext] - Closing org.springframework.context.support.GenericApplicationContext@327b636c: startup date [Tue Jun 09 22:07:07 CST 2020]; root of context hierarchy
2020-06-09 22:07:09,790 INFO [com.alibaba.druid.pool.DruidDataSource] - {dataSource-1} closed
